# JRE version: OpenJDK Runtime Environment (17.0.10) (build 17.0.10+0--11572160)
# Java VM: OpenJDK 64-Bit Server VM (17.0.10+0--11572160, mixed mode, tiered, compressed oops, compressed class ptrs, g1 gc, windows-amd64)
GC Precious Log:
 CPUs: 8 total, 8 available
 Memory: 7991M
 Large Page Support: Disabled
 NUMA Support: Disabled
 Compressed Oops: Enabled (32-bit)
 Heap Region Size: 1M
 Heap Min Capacity: 8M
 Heap Initial Capacity: 126M
 Heap Max Capacity: 2G
 Pre-touch: Disabled
 Parallel Workers: 8
 Concurrent Workers: 2
 Concurrent Refinement Workers: 8
 Periodic GC: Disabled
Heap:
 garbage-first heap   total 256000K, used 217450K [0x0000000080000000, 0x0000000100000000)
  region size 1024K, 1 young (1024K), 1 survivors (1024K)
 Metaspace       used 128149K, committed 129216K, reserved 1179648K
  class space    used 17220K, committed 17728K, reserved 1048576K
GC Heap History (20 events):
Event: 33.563 GC heap after
{Heap after GC invocations=74 (full 0):
 garbage-first heap   total 256000K, used 206842K [0x0000000080000000, 0x0000000100000000)
  region size 1024K, 3 young (3072K), 3 survivors (3072K)
 Metaspace       used 126961K, committed 128000K, reserved 1179648K
  class space    used 17083K, committed 17600K, reserved 1048576K
}
Event: 33.890 GC heap before
{Heap before GC invocations=74 (full 0):
 garbage-first heap   total 256000K, used 222202K [0x0000000080000000, 0x0000000100000000)
  region size 1024K, 19 young (19456K), 3 survivors (3072K)
 Metaspace       used 127161K, committed 128192K, reserved 1179648K
  class space    used 17103K, committed 17600K, reserved 1048576K
}
Event: 33.895 GC heap after
{Heap after GC invocations=75 (full 0):
 garbage-first heap   total 256000K, used 209322K [0x0000000080000000, 0x0000000100000000)
  region size 1024K, 3 young (3072K), 3 survivors (3072K)
 Metaspace       used 127161K, committed 128192K, reserved 1179648K
  class space    used 17103K, committed 17600K, reserved 1048576K
}
Event: 34.470 GC heap before
{Heap before GC invocations=75 (full 0):
 garbage-first heap   total 256000K, used 222634K [0x0000000080000000, 0x0000000100000000)
  region size 1024K, 17 young (17408K), 3 survivors (3072K)
 Metaspace       used 127164K, committed 128192K, reserved 1179648K
  class space    used 17103K, committed 17600K, reserved 1048576K
}
Event: 34.473 GC heap after
{Heap after GC invocations=76 (full 0):
 garbage-first heap   total 256000K, used 210349K [0x0000000080000000, 0x0000000100000000)
  region size 1024K, 3 young (3072K), 3 survivors (3072K)
 Metaspace       used 127164K, committed 128192K, reserved 1179648K
  class space    used 17103K, committed 17600K, reserved 1048576K
}
Event: 34.792 GC heap before
{Heap before GC invocations=76 (full 0):
 garbage-first heap   total 256000K, used 222637K [0x0000000080000000, 0x0000000100000000)
  region size 1024K, 16 young (16384K), 3 survivors (3072K)
 Metaspace       used 127208K, committed 128192K, reserved 1179648K
  class space    used 17105K, committed 17600K, reserved 1048576K
}
Event: 34.796 GC heap after
{Heap after GC invocations=77 (full 0):
 garbage-first heap   total 256000K, used 210759K [0x0000000080000000, 0x0000000100000000)
  region size 1024K, 2 young (2048K), 2 survivors (2048K)
 Metaspace       used 127208K, committed 128192K, reserved 1179648K
  class space    used 17105K, committed 17600K, reserved 1048576K
}
Event: 34.955 GC heap before
{Heap before GC invocations=77 (full 0):
 garbage-first heap   total 256000K, used 222023K [0x0000000080000000, 0x0000000100000000)
  region size 1024K, 14 young (14336K), 2 survivors (2048K)
 Metaspace       used 127209K, committed 128192K, reserved 1179648K
  class space    used 17105K, committed 17600K, reserved 1048576K
}
Event: 34.959 GC heap after
{Heap after GC invocations=78 (full 0):
 garbage-first heap   total 256000K, used 211871K [0x0000000080000000, 0x0000000100000000)
  region size 1024K, 2 young (2048K), 2 survivors (2048K)
 Metaspace       used 127209K, committed 128192K, reserved 1179648K
  class space    used 17105K, committed 17600K, reserved 1048576K
}
Event: 35.058 GC heap before
{Heap before GC invocations=78 (full 0):
 garbage-first heap   total 256000K, used 222111K [0x0000000080000000, 0x0000000100000000)
  region size 1024K, 13 young (13312K), 2 survivors (2048K)
 Metaspace       used 127229K, committed 128192K, reserved 1179648K
  class space    used 17107K, committed 17600K, reserved 1048576K
}
Event: 35.061 GC heap after
{Heap after GC invocations=79 (full 0):
 garbage-first heap   total 256000K, used 212831K [0x0000000080000000, 0x0000000100000000)
  region size 1024K, 2 young (2048K), 2 survivors (2048K)
 Metaspace       used 127229K, committed 128192K, reserved 1179648K
  class space    used 17107K, committed 17600K, reserved 1048576K
}
Event: 35.211 GC heap before
{Heap before GC invocations=79 (full 0):
 garbage-first heap   total 256000K, used 223071K [0x0000000080000000, 0x0000000100000000)
  region size 1024K, 12 young (12288K), 2 survivors (2048K)
 Metaspace       used 127355K, committed 128448K, reserved 1179648K
  class space    used 17121K, committed 17664K, reserved 1048576K
}
Event: 35.215 GC heap after
{Heap after GC invocations=80 (full 0):
 garbage-first heap   total 256000K, used 213983K [0x0000000080000000, 0x0000000100000000)
  region size 1024K, 2 young (2048K), 2 survivors (2048K)
 Metaspace       used 127355K, committed 128448K, reserved 1179648K
  class space    used 17121K, committed 17664K, reserved 1048576K
}
Event: 35.577 GC heap before
{Heap before GC invocations=80 (full 0):
 garbage-first heap   total 256000K, used 224223K [0x0000000080000000, 0x0000000100000000)
  region size 1024K, 12 young (12288K), 2 survivors (2048K)
 Metaspace       used 127355K, committed 128448K, reserved 1179648K
  class space    used 17121K, committed 17664K, reserved 1048576K
}
Event: 35.582 GC heap after
{Heap after GC invocations=81 (full 0):
 garbage-first heap   total 256000K, used 215083K [0x0000000080000000, 0x0000000100000000)
  region size 1024K, 2 young (2048K), 2 survivors (2048K)
 Metaspace       used 127355K, committed 128448K, reserved 1179648K
  class space    used 17121K, committed 17664K, reserved 1048576K
}
Event: 35.988 GC heap before
{Heap before GC invocations=81 (full 0):
 garbage-first heap   total 256000K, used 224299K [0x0000000080000000, 0x0000000100000000)
  region size 1024K, 12 young (12288K), 2 survivors (2048K)
 Metaspace       used 127358K, committed 128448K, reserved 1179648K
  class space    used 17121K, committed 17664K, reserved 1048576K
}
Event: 35.992 GC heap after
{Heap after GC invocations=82 (full 0):
 garbage-first heap   total 256000K, used 215791K [0x0000000080000000, 0x0000000100000000)
  region size 1024K, 2 young (2048K), 2 survivors (2048K)
 Metaspace       used 127358K, committed 128448K, reserved 1179648K
  class space    used 17121K, committed 17664K, reserved 1048576K
}
Event: 36.209 GC heap before
{Heap before GC invocations=82 (full 0):
 garbage-first heap   total 256000K, used 225006K [0x0000000080000000, 0x0000000100000000)
  region size 1024K, 12 young (12288K), 2 survivors (2048K)
 Metaspace       used 127628K, committed 128704K, reserved 1179648K
  class space    used 17147K, committed 17664K, reserved 1048576K
}
Event: 36.213 GC heap after
{Heap after GC invocations=83 (full 0):
 garbage-first heap   total 256000K, used 216989K [0x0000000080000000, 0x0000000100000000)
  region size 1024K, 2 young (2048K), 2 survivors (2048K)
 Metaspace       used 127628K, committed 128704K, reserved 1179648K
  class space    used 17147K, committed 17664K, reserved 1048576K
}
Event: 39.610 GC heap before
{Heap before GC invocations=83 (full 0):
 garbage-first heap   total 256000K, used 226205K [0x0000000080000000, 0x0000000100000000)
  region size 1024K, 12 young (12288K), 2 survivors (2048K)
 Metaspace       used 128149K, committed 129216K, reserved 1179648K
  class space    used 17220K, committed 17728K, reserved 1048576K
}

