# JRE version: OpenJDK Runtime Environment (17.0.10) (build 17.0.10+0--11572160)
# Java VM: OpenJDK 64-Bit Server VM (17.0.10+0--11572160, mixed mode, tiered, compressed oops, compressed class ptrs, g1 gc, windows-amd64)
GC Precious Log:
 CPUs: 8 total, 8 available
 Memory: 7991M
 Large Page Support: Disabled
 NUMA Support: Disabled
 Compressed Oops: Enabled (32-bit)
 Heap Region Size: 1M
 Heap Min Capacity: 8M
 Heap Initial Capacity: 126M
 Heap Max Capacity: 2G
 Pre-touch: Disabled
 Parallel Workers: 8
 Concurrent Workers: 2
 Concurrent Refinement Workers: 8
 Periodic GC: Disabled
Heap:
 garbage-first heap   total 464896K, used 192195K [0x0000000080000000, 0x0000000100000000)
  region size 1024K, 9 young (9216K), 9 survivors (9216K)
 Metaspace       used 193829K, committed 194816K, reserved 1245184K
  class space    used 24929K, committed 25408K, reserved 1048576K
GC Heap History (20 events):
Event: 2302.148 GC heap after
{Heap after GC invocations=68 (full 0):
 garbage-first heap   total 366592K, used 177837K [0x0000000080000000, 0x0000000100000000)
  region size 1024K, 3 young (3072K), 3 survivors (3072K)
 Metaspace       used 188944K, committed 189824K, reserved 1245184K
  class space    used 24612K, committed 25024K, reserved 1048576K
}
Event: 2302.243 GC heap before
{Heap before GC invocations=68 (full 0):
 garbage-first heap   total 366592K, used 192173K [0x0000000080000000, 0x0000000100000000)
  region size 1024K, 17 young (17408K), 3 survivors (3072K)
 Metaspace       used 188946K, committed 189824K, reserved 1245184K
  class space    used 24612K, committed 25024K, reserved 1048576K
}
Event: 2302.254 GC heap after
{Heap after GC invocations=69 (full 0):
 garbage-first heap   total 366592K, used 180628K [0x0000000080000000, 0x0000000100000000)
  region size 1024K, 3 young (3072K), 3 survivors (3072K)
 Metaspace       used 188946K, committed 189824K, reserved 1245184K
  class space    used 24612K, committed 25024K, reserved 1048576K
}
Event: 2302.781 GC heap before
{Heap before GC invocations=69 (full 0):
 garbage-first heap   total 366592K, used 301460K [0x0000000080000000, 0x0000000100000000)
  region size 1024K, 120 young (122880K), 3 survivors (3072K)
 Metaspace       used 189699K, committed 190528K, reserved 1245184K
  class space    used 24654K, committed 25024K, reserved 1048576K
}
Event: 2302.803 GC heap after
{Heap after GC invocations=70 (full 0):
 garbage-first heap   total 366592K, used 202100K [0x0000000080000000, 0x0000000100000000)
  region size 1024K, 15 young (15360K), 15 survivors (15360K)
 Metaspace       used 189699K, committed 190528K, reserved 1245184K
  class space    used 24654K, committed 25024K, reserved 1048576K
}
Event: 2378.382 GC heap before
{Heap before GC invocations=71 (full 0):
 garbage-first heap   total 366592K, used 299380K [0x0000000080000000, 0x0000000100000000)
  region size 1024K, 110 young (112640K), 15 survivors (15360K)
 Metaspace       used 192070K, committed 193024K, reserved 1245184K
  class space    used 24924K, committed 25344K, reserved 1048576K
}
Event: 2378.474 GC heap after
{Heap after GC invocations=72 (full 0):
 garbage-first heap   total 366592K, used 213293K [0x0000000080000000, 0x0000000100000000)
  region size 1024K, 10 young (10240K), 10 survivors (10240K)
 Metaspace       used 192070K, committed 193024K, reserved 1245184K
  class space    used 24924K, committed 25344K, reserved 1048576K
}
Event: 2378.591 GC heap before
{Heap before GC invocations=72 (full 0):
 garbage-first heap   total 366592K, used 219437K [0x0000000080000000, 0x0000000100000000)
  region size 1024K, 17 young (17408K), 10 survivors (10240K)
 Metaspace       used 192165K, committed 193088K, reserved 1245184K
  class space    used 24925K, committed 25344K, reserved 1048576K
}
Event: 2378.663 GC heap after
{Heap after GC invocations=73 (full 0):
 garbage-first heap   total 366592K, used 202614K [0x0000000080000000, 0x0000000100000000)
  region size 1024K, 3 young (3072K), 3 survivors (3072K)
 Metaspace       used 192165K, committed 193088K, reserved 1245184K
  class space    used 24925K, committed 25344K, reserved 1048576K
}
Event: 2379.654 GC heap before
{Heap before GC invocations=73 (full 0):
 garbage-first heap   total 366592K, used 298870K [0x0000000080000000, 0x0000000100000000)
  region size 1024K, 97 young (99328K), 3 survivors (3072K)
 Metaspace       used 192696K, committed 193600K, reserved 1245184K
  class space    used 24930K, committed 25344K, reserved 1048576K
}
Event: 2379.678 GC heap after
{Heap after GC invocations=74 (full 0):
 garbage-first heap   total 366592K, used 214076K [0x0000000080000000, 0x0000000100000000)
  region size 1024K, 13 young (13312K), 13 survivors (13312K)
 Metaspace       used 192696K, committed 193600K, reserved 1245184K
  class space    used 24930K, committed 25344K, reserved 1048576K
}
Event: 2407.321 GC heap before
{Heap before GC invocations=74 (full 0):
 garbage-first heap   total 366592K, used 300092K [0x0000000080000000, 0x0000000100000000)
  region size 1024K, 98 young (100352K), 13 survivors (13312K)
 Metaspace       used 193235K, committed 194176K, reserved 1245184K
  class space    used 24944K, committed 25408K, reserved 1048576K
}
Event: 2407.457 GC heap after
{Heap after GC invocations=75 (full 0):
 garbage-first heap   total 366592K, used 213963K [0x0000000080000000, 0x0000000100000000)
  region size 1024K, 5 young (5120K), 5 survivors (5120K)
 Metaspace       used 193235K, committed 194176K, reserved 1245184K
  class space    used 24944K, committed 25408K, reserved 1048576K
}
Event: 2410.082 GC heap before
{Heap before GC invocations=75 (full 0):
 garbage-first heap   total 366592K, used 242635K [0x0000000080000000, 0x0000000100000000)
  region size 1024K, 34 young (34816K), 5 survivors (5120K)
 Metaspace       used 193330K, committed 194368K, reserved 1245184K
  class space    used 24944K, committed 25408K, reserved 1048576K
}
Event: 2410.144 GC heap after
{Heap after GC invocations=76 (full 0):
 garbage-first heap   total 366592K, used 217783K [0x0000000080000000, 0x0000000100000000)
  region size 1024K, 9 young (9216K), 9 survivors (9216K)
 Metaspace       used 193330K, committed 194368K, reserved 1245184K
  class space    used 24944K, committed 25408K, reserved 1048576K
}
Event: 2571.605 GC heap before
{Heap before GC invocations=77 (full 0):
 garbage-first heap   total 464896K, used 301751K [0x0000000080000000, 0x0000000100000000)
  region size 1024K, 93 young (95232K), 9 survivors (9216K)
 Metaspace       used 193754K, committed 194752K, reserved 1245184K
  class space    used 24928K, committed 25408K, reserved 1048576K
}
Event: 2571.641 GC heap after
{Heap after GC invocations=78 (full 0):
 garbage-first heap   total 464896K, used 208994K [0x0000000080000000, 0x0000000100000000)
  region size 1024K, 2 young (2048K), 2 survivors (2048K)
 Metaspace       used 193754K, committed 194752K, reserved 1245184K
  class space    used 24928K, committed 25408K, reserved 1048576K
}
Event: 2571.969 GC heap before
{Heap before GC invocations=78 (full 0):
 garbage-first heap   total 464896K, used 229474K [0x0000000080000000, 0x0000000100000000)
  region size 1024K, 22 young (22528K), 2 survivors (2048K)
 Metaspace       used 193779K, committed 194752K, reserved 1245184K
  class space    used 24928K, committed 25408K, reserved 1048576K
}
Event: 2572.048 GC heap after
{Heap after GC invocations=79 (full 0):
 garbage-first heap   total 464896K, used 187004K [0x0000000080000000, 0x0000000100000000)
  region size 1024K, 3 young (3072K), 3 survivors (3072K)
 Metaspace       used 193779K, committed 194752K, reserved 1245184K
  class space    used 24928K, committed 25408K, reserved 1048576K
}
Event: 2572.454 GC heap before
{Heap before GC invocations=79 (full 0):
 garbage-first heap   total 464896K, used 216700K [0x0000000080000000, 0x0000000100000000)
  region size 1024K, 33 young (33792K), 3 survivors (3072K)
 Metaspace       used 193829K, committed 194816K, reserved 1245184K
  class space    used 24929K, committed 25408K, reserved 1048576K
}

